-------------------------------------------------------------------------------
Test set: com.example.basic.AppTest
-------------------------------------------------------------------------------
Tests run: 2, Failures: 1, Errors: 0, Skipped: 0, Time elapsed: 0.075 s <<< FAILURE! - in com.example.basic.AppTest
com.example.basic.AppTest.testApp2  Time elapsed: 0.008 s  <<< FAILURE!
org.opentest4j.AssertionFailedError: expected: <1> but was: <2>
	at com.example.basic.AppTest.testApp2(AppTest.java:21)

