<?xml version="1.0" encoding="UTF-8"?>
<testsuite xmlns:xsi="http://www.w3.org/2001/XMLSchema-instance" xsi:noNamespaceSchemaLocation="https://maven.apache.org/surefire/maven-surefire-plugin/xsd/surefire-test-report-3.0.xsd" version="3.0" name="com.example.basic.AppTest" time="0.075" tests="2" errors="0" skipped="0" failures="1">
  <properties>
[...]
</properties>
  <testcase name="testApp" classname="com.example.basic.AppTest" time="0.044"/>
  <testcase name="testApp2" classname="com.example.basic.AppTest" time="0.008">
    <failure type="org.opentest4j.AssertionFailedError"><![CDATA[org.opentest4j.AssertionFailedError: expected: <1> but was: <2>
	at com.example.basic.AppTest.testApp2(AppTest.java:21)
]]></failure>
  </testcase>
</testsuite>